<?xml version="1.0" encoding="UTF-8"?>
<!-- Generated by org.testng.reporters.JUnitReportReporter -->
<testsuite hostname="P2908-W10" failures="0" tests="7" name="tests.TestLiquidacionTarjetasAdminEmpresa" time="62.033" errors="0" timestamp="2021-08-24T08:53:32 CEST" skipped="0">
  <testcase classname="tests.TestLiquidacionTarjetasAdminEmpresa" name="testLiquidaciones" time="9.605"/>
  <system-out/>
  <testcase classname="tests.TestLiquidacionTarjetasAdminEmpresa" name="testSeleccionarFiltro" time="10.397"/>
  <system-out/>
  <testcase classname="tests.TestLiquidacionTarjetasAdminEmpresa" name="testGuardarFiltro" time="9.488"/>
  <system-out/>
  <testcase classname="tests.TestLiquidacionTarjetasAdminEmpresa" name="testFiltroSinNombre" time="8.925"/>
  <system-out/>
  <testcase classname="tests.TestLiquidacionTarjetasAdminEmpresa" name="testBorrarFiltro" time="8.114"/>
  <system-out/>
  <testcase classname="tests.TestLiquidacionTarjetasAdminEmpresa" name="testNoEmpresa" time="7.247"/>
  <system-out/>
  <testcase classname="tests.TestLiquidacionTarjetasAdminEmpresa" name="testLimpiarFiltros" time="8.257"/>
  <system-out/>
</testsuite> <!-- tests.TestLiquidacionTarjetasAdminEmpresa -->
