<?xml version="1.0" encoding="UTF-8"?>
<!-- Generated by org.testng.reporters.JUnitReportReporter -->
<testsuite hostname="P2908-W10" failures="0" tests="1" name="tests.TestConsultasOnlinePage" time="7.041" errors="0" timestamp="2021-05-14T13:32:10 CEST" skipped="0">
  <testcase classname="tests.TestConsultasOnlinePage" name="consultaOnline" time="7.041"/>
  <system-out/>
</testsuite> <!-- tests.TestConsultasOnlinePage -->
