<?xml version="1.0" encoding="UTF-8"?>
<!-- Generated by org.testng.reporters.JUnitReportReporter -->
<testsuite hostname="P2908-W10" failures="0" tests="7" name="tests.TestTotalesTarjetaAdminEmpresa" time="70.018" errors="0" timestamp="2021-08-24T08:53:32 CEST" skipped="0">
  <testcase classname="tests.TestTotalesTarjetaAdminEmpresa" name="testLimpiarFiltros" time="9.282"/>
  <system-out/>
  <testcase classname="tests.TestTotalesTarjetaAdminEmpresa" name="testBorrarFiltro" time="9.265"/>
  <system-out/>
  <testcase classname="tests.TestTotalesTarjetaAdminEmpresa" name="testFiltroSinNombre" time="9.300"/>
  <system-out/>
  <testcase classname="tests.TestTotalesTarjetaAdminEmpresa" name="testTotales" time="11.080"/>
  <system-out/>
  <testcase classname="tests.TestTotalesTarjetaAdminEmpresa" name="testGuardarFiltro" time="11.155"/>
  <system-out/>
  <testcase classname="tests.TestTotalesTarjetaAdminEmpresa" name="testSeleccionarFiltro" time="11.001"/>
  <system-out/>
  <testcase classname="tests.TestTotalesTarjetaAdminEmpresa" name="testNoEmpresa" time="8.935"/>
  <system-out/>
</testsuite> <!-- tests.TestTotalesTarjetaAdminEmpresa -->
