<?xml version="1.0" encoding="UTF-8"?>
<!-- Generated by org.testng.reporters.JUnitReportReporter -->
<testsuite hostname="P2908-W10" failures="0" tests="3" name="tests.TestMovimientos" time="16.890" errors="0" timestamp="2021-10-06T16:17:11 CEST" skipped="0">
  <testcase classname="tests.TestMovimientos" name="testNoGrupoNoEmpresa" time="5.613"/>
  <system-out/>
  <testcase classname="tests.TestMovimientos" name="testNoGrupoNoEmpresa" time="5.244"/>
  <system-out/>
  <testcase classname="tests.TestMovimientos" name="testNoGrupoNoEmpresa" time="6.033"/>
  <system-out/>
</testsuite> <!-- tests.TestMovimientos -->
