<?xml version="1.0" encoding="UTF-8"?>
<!-- Generated by org.testng.reporters.JUnitReportReporter -->
<testsuite hostname="P2908-W10" failures="0" tests="6" name="tests.TestMovimientosTitular" time="53.740" errors="0" timestamp="2021-08-24T08:53:32 CEST" skipped="0">
  <testcase classname="tests.TestMovimientosTitular" name="testBorrarFiltro" time="8.651"/>
  <system-out/>
  <testcase classname="tests.TestMovimientosTitular" name="testFiltroSinNombre" time="9.248"/>
  <system-out/>
  <testcase classname="tests.TestMovimientosTitular" name="testLimpiarFiltros" time="6.925"/>
  <system-out/>
  <testcase classname="tests.TestMovimientosTitular" name="testSeleccionarFiltro" time="11.157"/>
  <system-out/>
  <testcase classname="tests.TestMovimientosTitular" name="testMovimientos" time="7.712"/>
  <system-out/>
  <testcase classname="tests.TestMovimientosTitular" name="testGuardarFiltro" time="10.047"/>
  <system-out/>
</testsuite> <!-- tests.TestMovimientosTitular -->
