<?xml version="1.0" encoding="UTF-8"?>
<!-- Generated by org.testng.reporters.JUnitReportReporter -->
<testsuite hostname="P2908-W10" failures="0" tests="7" name="tests.TestTotalesTarjeta" time="55.086" errors="0" timestamp="2021-08-24T08:53:32 CEST" skipped="0">
  <testcase classname="tests.TestTotalesTarjeta" name="testGuardarFiltro" time="8.342"/>
  <system-out/>
  <testcase classname="tests.TestTotalesTarjeta" name="testTotalesTajeta" time="7.151"/>
  <system-out/>
  <testcase classname="tests.TestTotalesTarjeta" name="testSeleccionarFiltro" time="7.499"/>
  <system-out/>
  <testcase classname="tests.TestTotalesTarjeta" name="testNoGrupoNoEmpresa" time="7.352"/>
  <system-out/>
  <testcase classname="tests.TestTotalesTarjeta" name="testFiltroSinNombre" time="7.618"/>
  <system-out/>
  <testcase classname="tests.TestTotalesTarjeta" name="testLimpiarFiltros" time="8.334"/>
  <system-out/>
  <testcase classname="tests.TestTotalesTarjeta" name="testBorrarFiltro" time="8.790"/>
  <system-out/>
</testsuite> <!-- tests.TestTotalesTarjeta -->
