<?xml version="1.0" encoding="UTF-8"?>
<!-- Generated by org.testng.reporters.JUnitReportReporter -->
<testsuite hostname="P2908-W10" failures="0" tests="3" name="tests.TestConsultasOnline" time="23.060" errors="0" timestamp="2021-09-30T16:34:49 CEST" skipped="0">
  <testcase classname="tests.TestConsultasOnline" name="consultaOnline" time="8.288"/>
  <system-out/>
  <testcase classname="tests.TestConsultasOnline" name="consultaOnline" time="7.918"/>
  <system-out/>
  <testcase classname="tests.TestConsultasOnline" name="consultaOnline" time="6.854"/>
  <system-out/>
</testsuite> <!-- tests.TestConsultasOnline -->
