<?xml version="1.0" encoding="UTF-8"?>
<!-- Generated by org.testng.reporters.JUnitReportReporter -->
<testsuite hostname="P2908-W10" failures="0" tests="7" name="tests.TestMovimientosAdminGrupo" time="60.973" errors="0" timestamp="2021-08-24T08:53:32 CEST" skipped="0">
  <testcase classname="tests.TestMovimientosAdminGrupo" name="testBorrarFiltro" time="8.238"/>
  <system-out/>
  <testcase classname="tests.TestMovimientosAdminGrupo" name="testMovimientos" time="8.346"/>
  <system-out/>
  <testcase classname="tests.TestMovimientosAdminGrupo" name="testFiltroSinNombre" time="7.482"/>
  <system-out/>
  <testcase classname="tests.TestMovimientosAdminGrupo" name="testSeleccionarFiltro" time="9.123"/>
  <system-out/>
  <testcase classname="tests.TestMovimientosAdminGrupo" name="testNoGrupoNoEmpresa" time="8.916"/>
  <system-out/>
  <testcase classname="tests.TestMovimientosAdminGrupo" name="testLimpiarFiltros" time="9.203"/>
  <system-out/>
  <testcase classname="tests.TestMovimientosAdminGrupo" name="testGuardarFiltro" time="9.665"/>
  <system-out/>
</testsuite> <!-- tests.TestMovimientosAdminGrupo -->
