<?xml version="1.0" encoding="UTF-8"?>
<!-- Generated by org.testng.reporters.JUnitReportReporter -->
<testsuite hostname="P2908-W10" failures="0" tests="7" name="tests.TestDatosTarjetas" time="60.737" errors="0" timestamp="2021-08-24T08:53:32 CEST" skipped="0">
  <testcase classname="tests.TestDatosTarjetas" name="testFiltroSinNombre" time="8.746"/>
  <system-out/>
  <testcase classname="tests.TestDatosTarjetas" name="testLimpiarFiltros" time="8.742"/>
  <system-out/>
  <testcase classname="tests.TestDatosTarjetas" name="testBorrarFiltro" time="9.862"/>
  <system-out/>
  <testcase classname="tests.TestDatosTarjetas" name="testGuardarFiltro" time="7.522"/>
  <system-out/>
  <testcase classname="tests.TestDatosTarjetas" name="testDatosTarjetas" time="8.762"/>
  <system-out/>
  <testcase classname="tests.TestDatosTarjetas" name="testSeleccionarFiltro" time="8.763"/>
  <system-out/>
  <testcase classname="tests.TestDatosTarjetas" name="testNoGrupoNoEmpresa" time="8.340"/>
  <system-out/>
</testsuite> <!-- tests.TestDatosTarjetas -->
