<?xml version="1.0" encoding="UTF-8"?>
<!-- Generated by org.testng.reporters.JUnitReportReporter -->
<testsuite hostname="P2908-W10" failures="0" tests="6" name="tests.TestLiquidacionTarjetastitular" time="55.783" errors="0" timestamp="2021-08-24T08:53:32 CEST" skipped="0">
  <testcase classname="tests.TestLiquidacionTarjetastitular" name="testGuardarFiltro" time="10.731"/>
  <system-out/>
  <testcase classname="tests.TestLiquidacionTarjetastitular" name="testBorrarFiltro" time="8.769"/>
  <system-out/>
  <testcase classname="tests.TestLiquidacionTarjetastitular" name="testSeleccionarFiltro" time="10.214"/>
  <system-out/>
  <testcase classname="tests.TestLiquidacionTarjetastitular" name="testLimpiarFiltros" time="8.410"/>
  <system-out/>
  <testcase classname="tests.TestLiquidacionTarjetastitular" name="testMovimientos" time="9.021"/>
  <system-out/>
  <testcase classname="tests.TestLiquidacionTarjetastitular" name="testFiltroSinNombre" time="8.638"/>
  <system-out/>
</testsuite> <!-- tests.TestLiquidacionTarjetastitular -->
