<?xml version="1.0" encoding="UTF-8"?>
<!-- Generated by org.testng.reporters.JUnitReportReporter -->
<testsuite hostname="P2908-W10" failures="0" tests="7" name="tests.TestMovimientosAdminEmpresa" time="48.991" errors="0" timestamp="2021-09-30T16:37:58 CEST" skipped="0">
  <testcase classname="tests.TestMovimientosAdminEmpresa" name="testFiltroSinNombre" time="6.405"/>
  <system-out/>
  <testcase classname="tests.TestMovimientosAdminEmpresa" name="testMovimientos" time="8.003"/>
  <system-out/>
  <testcase classname="tests.TestMovimientosAdminEmpresa" name="testGuardarFiltro" time="7.623"/>
  <system-out/>
  <testcase classname="tests.TestMovimientosAdminEmpresa" name="testLimpiarFiltros" time="6.138"/>
  <system-out/>
  <testcase classname="tests.TestMovimientosAdminEmpresa" name="testBorrarFiltro" time="7.518"/>
  <system-out/>
  <testcase classname="tests.TestMovimientosAdminEmpresa" name="testNoEmpresa" time="6.109"/>
  <system-out/>
  <testcase classname="tests.TestMovimientosAdminEmpresa" name="testSeleccionarFiltro" time="7.195"/>
  <system-out/>
</testsuite> <!-- tests.TestMovimientosAdminEmpresa -->
