<?xml version="1.0" encoding="UTF-8"?>
<!-- Generated by org.testng.reporters.JUnitReportReporter -->
<testsuite hostname="P2908-W10" failures="0" tests="7" name="tests.TestTotalesTarjetaAdminGrupo" time="68.467" errors="0" timestamp="2021-08-24T08:53:32 CEST" skipped="0">
  <testcase classname="tests.TestTotalesTarjetaAdminGrupo" name="testLimpiarFiltros" time="9.137"/>
  <system-out/>
  <testcase classname="tests.TestTotalesTarjetaAdminGrupo" name="testTotales" time="8.906"/>
  <system-out/>
  <testcase classname="tests.TestTotalesTarjetaAdminGrupo" name="testGuardarFiltro" time="9.262"/>
  <system-out/>
  <testcase classname="tests.TestTotalesTarjetaAdminGrupo" name="testFiltroSinNombre" time="9.309"/>
  <system-out/>
  <testcase classname="tests.TestTotalesTarjetaAdminGrupo" name="testBorrarFiltro" time="10.834"/>
  <system-out/>
  <testcase classname="tests.TestTotalesTarjetaAdminGrupo" name="testSeleccionarFiltro" time="10.598"/>
  <system-out/>
  <testcase classname="tests.TestTotalesTarjetaAdminGrupo" name="testNoGrupoNoEmpresa" time="10.421"/>
  <system-out/>
</testsuite> <!-- tests.TestTotalesTarjetaAdminGrupo -->
