<?xml version="1.0" encoding="UTF-8"?>
<!-- Generated by org.testng.reporters.JUnitReportReporter -->
<testsuite hostname="P2908-W10" failures="0" tests="7" name="tests.TestDatosTarjetasAdminGrupo" time="59.580" errors="0" timestamp="2021-08-24T08:53:32 CEST" skipped="0">
  <testcase classname="tests.TestDatosTarjetasAdminGrupo" name="testSeleccionarFiltro" time="10.758"/>
  <system-out/>
  <testcase classname="tests.TestDatosTarjetasAdminGrupo" name="testDatosTarjetas" time="8.035"/>
  <system-out/>
  <testcase classname="tests.TestDatosTarjetasAdminGrupo" name="testFiltroSinNombre" time="8.445"/>
  <system-out/>
  <testcase classname="tests.TestDatosTarjetasAdminGrupo" name="testBorrarFiltro" time="8.902"/>
  <system-out/>
  <testcase classname="tests.TestDatosTarjetasAdminGrupo" name="testLimpiarFiltros" time="7.073"/>
  <system-out/>
  <testcase classname="tests.TestDatosTarjetasAdminGrupo" name="testGuardarFiltro" time="8.509"/>
  <system-out/>
  <testcase classname="tests.TestDatosTarjetasAdminGrupo" name="testNoGrupoNoEmpresa" time="7.858"/>
  <system-out/>
</testsuite> <!-- tests.TestDatosTarjetasAdminGrupo -->
