<?xml version="1.0" encoding="UTF-8"?>
<!-- Generated by org.testng.reporters.JUnitReportReporter -->
<testsuite hostname="P2908-W10" failures="0" tests="1" name="tests.TestConsultasOnlineAdminEmpresa" time="8.829" errors="0" timestamp="2021-08-24T08:53:32 CEST" skipped="0">
  <testcase classname="tests.TestConsultasOnlineAdminEmpresa" name="consultaOnline" time="8.829"/>
  <system-out/>
</testsuite> <!-- tests.TestConsultasOnlineAdminEmpresa -->
