<?xml version="1.0" encoding="UTF-8"?>
<!-- Generated by org.testng.reporters.JUnitReportReporter -->
<testsuite hostname="P2908-W10" failures="0" tests="3" name="tests.TestLogin" time="30.267" errors="0" timestamp="2021-09-16T11:53:09 CEST" skipped="0">
  <testcase classname="tests.TestLogin" name="testLoginExito" time="6.657"/>
  <system-out/>
  <testcase classname="tests.TestLogin" name="testLoginExito" time="16.177"/>
  <system-out/>
  <testcase classname="tests.TestLogin" name="testLoginExito" time="7.433"/>
  <system-out/>
</testsuite> <!-- tests.TestLogin -->
