<?xml version="1.0" encoding="UTF-8"?>
<!-- Generated by org.testng.reporters.JUnitReportReporter -->
<testsuite hostname="P2908-W10" failures="0" tests="7" name="tests.TestDatosTarjetasAdminEmpresa" time="68.371" errors="0" timestamp="2021-08-24T08:53:32 CEST" skipped="0">
  <testcase classname="tests.TestDatosTarjetasAdminEmpresa" name="testSeleccionarFiltro" time="10.065"/>
  <system-out/>
  <testcase classname="tests.TestDatosTarjetasAdminEmpresa" name="testDatosTarjetas" time="10.049"/>
  <system-out/>
  <testcase classname="tests.TestDatosTarjetasAdminEmpresa" name="testGuardarFiltro" time="9.436"/>
  <system-out/>
  <testcase classname="tests.TestDatosTarjetasAdminEmpresa" name="testNoEmpresa" time="9.083"/>
  <system-out/>
  <testcase classname="tests.TestDatosTarjetasAdminEmpresa" name="testBorrarFiltro" time="10.677"/>
  <system-out/>
  <testcase classname="tests.TestDatosTarjetasAdminEmpresa" name="testLimpiarFiltros" time="10.729"/>
  <system-out/>
  <testcase classname="tests.TestDatosTarjetasAdminEmpresa" name="testFiltroSinNombre" time="8.332"/>
  <system-out/>
</testsuite> <!-- tests.TestDatosTarjetasAdminEmpresa -->
