<?xml version="1.0" encoding="UTF-8"?>
<!-- Generated by org.testng.reporters.JUnitReportReporter -->
<testsuite hostname="P2908-W10" failures="0" tests="7" name="tests.TestLiquidacionTarjetasAdminGrupo" time="61.393" errors="0" timestamp="2021-08-24T08:53:32 CEST" skipped="0">
  <testcase classname="tests.TestLiquidacionTarjetasAdminGrupo" name="testLimpiarFiltros" time="7.704"/>
  <system-out/>
  <testcase classname="tests.TestLiquidacionTarjetasAdminGrupo" name="testBorrarFiltro" time="9.304"/>
  <system-out/>
  <testcase classname="tests.TestLiquidacionTarjetasAdminGrupo" name="testGuardarFiltro" time="10.325"/>
  <system-out/>
  <testcase classname="tests.TestLiquidacionTarjetasAdminGrupo" name="testFiltroSinNombre" time="8.660"/>
  <system-out/>
  <testcase classname="tests.TestLiquidacionTarjetasAdminGrupo" name="testNoGrupoNoEmpresa" time="7.475"/>
  <system-out/>
  <testcase classname="tests.TestLiquidacionTarjetasAdminGrupo" name="testLiquidaciones" time="7.999"/>
  <system-out/>
  <testcase classname="tests.TestLiquidacionTarjetasAdminGrupo" name="testSeleccionarFiltro" time="9.926"/>
  <system-out/>
</testsuite> <!-- tests.TestLiquidacionTarjetasAdminGrupo -->
