<?xml version="1.0" encoding="UTF-8"?>
<!-- Generated by org.testng.reporters.JUnitReportReporter -->
<testsuite hostname="P2908-W10" failures="0" tests="6" name="tests.TestTotalesTarjetaTitular" time="54.717" errors="0" timestamp="2021-08-24T08:53:32 CEST" skipped="0">
  <testcase classname="tests.TestTotalesTarjetaTitular" name="testLimpiarFiltros" time="8.329"/>
  <system-out/>
  <testcase classname="tests.TestTotalesTarjetaTitular" name="testBorrarFiltro" time="9.703"/>
  <system-out/>
  <testcase classname="tests.TestTotalesTarjetaTitular" name="testSeleccionarFiltro" time="9.197"/>
  <system-out/>
  <testcase classname="tests.TestTotalesTarjetaTitular" name="testTotales" time="9.940"/>
  <system-out/>
  <testcase classname="tests.TestTotalesTarjetaTitular" name="testGuardarFiltro" time="9.230"/>
  <system-out/>
  <testcase classname="tests.TestTotalesTarjetaTitular" name="testFiltroSinNombre" time="8.318"/>
  <system-out/>
</testsuite> <!-- tests.TestTotalesTarjetaTitular -->
